<?xml version="1.0" encoding="UTF-8"?>
<coverage generated="1705854602984" clover="3.2.0">
  <project timestamp="1705854602984" name="All files">
    <metrics statements="0" coveredstatements="0" conditionals="0" coveredconditionals="0" methods="0" coveredmethods="0" elements="0" coveredelements="0" complexity="0" loc="0" ncloc="0" packages="1" files="1" classes="1"/>
    <file name="sum2.js" path="C:\Users\myano\Desktop\3HW\3.1.1a\sum2.js">
      <metrics statements="0" coveredstatements="0" conditionals="0" coveredconditionals="0" methods="0" coveredmethods="0"/>
    </file>
  </project>
</coverage>
